{
  "stats": {
    "suites": 1,
    "tests": 1,
    "passes": 1,
    "pending": 0,
    "failures": 0,
    "start": "2022-07-31T02:14:28.785Z",
    "end": "2022-07-31T02:14:29.520Z",
    "duration": 735,
    "testsRegistered": 1,
    "passPercent": 100,
    "pendingPercent": 0,
    "other": 0,
    "hasOther": false,
    "skipped": 0,
    "hasSkipped": false
  },
  "results": [
    {
      "uuid": "60bc6c8f-fb01-48e7-b3a3-b24b1ef64bb9",
      "title": "",
      "fullFile": "cypress\\e2e\\examples\\CypressConceptsKnowledge\\cypress-api-tests.cy.js",
      "file": "cypress\\e2e\\examples\\CypressConceptsKnowledge\\cypress-api-tests.cy.js",
      "beforeHooks": [],
      "afterHooks": [],
      "tests": [],
      "suites": [
        {
          "uuid": "244b3a5a-d14b-454a-94e1-5dc9a39bc7b6",
          "title": "Cypress API Test Functionality",
          "fullFile": "",
          "file": "",
          "beforeHooks": [],
          "afterHooks": [],
          "tests": [
            {
              "title": "API Request",
              "fullTitle": "Cypress API Test Functionality API Request",
              "timedOut": null,
              "duration": 699,
              "state": "passed",
              "speed": "fast",
              "pass": true,
              "fail": false,
              "pending": false,
              "context": null,
              "code": "cy.request(\"POST\", \"https://jsonplaceholder.typicode.com/posts\", {\n  title: 'foo',\n  body: 'bar',\n  userId: 1\n}).then(function (response) {\n  cy.log(response);\n  expect(response.body).to.have.property('userId', 1);\n});",
              "err": {},
              "uuid": "f7dd32df-5d15-41d3-9b0d-785ee4e9f0e4",
              "parentUUID": "244b3a5a-d14b-454a-94e1-5dc9a39bc7b6",
              "isHook": false,
              "skipped": false
            }
          ],
          "suites": [],
          "passes": [
            "f7dd32df-5d15-41d3-9b0d-785ee4e9f0e4"
          ],
          "failures": [],
          "pending": [],
          "skipped": [],
          "duration": 699,
          "root": false,
          "rootEmpty": false,
          "_timeout": 2000
        }
      ],
      "passes": [],
      "failures": [],
      "pending": [],
      "skipped": [],
      "duration": 0,
      "root": true,
      "rootEmpty": true,
      "_timeout": 2000
    }
  ],
  "meta": {
    "mocha": {
      "version": "7.0.1"
    },
    "mochawesome": {
      "options": {
        "quiet": false,
        "reportFilename": "mochawesome",
        "saveHtml": true,
        "saveJson": true,
        "consoleReporter": "spec",
        "useInlineDiffs": false,
        "code": true
      },
      "version": "7.1.3"
    },
    "marge": {
      "options": null,
      "version": "6.2.0"
    }
  }
}